<?xml version="1.0" encoding="UTF-8"?>
<!-- Generated by org.testng.reporters.JUnitXMLReporter -->
<testsuite ignored="1" hostname="DESKTOP-MIJPO7G" failures="0" tests="2" name="Default test" time="34.641" errors="0" timestamp="2026-01-05T06:58:40 GMT-08:00">
  <testcase classname="com.runner.PracticeRunnerClass" name="chrome" time="12.939"/>
  <testcase classname="com.runner.PracticeRunnerClass" name="edge" time="21.356"/>
  <testcase classname="com.runner.PracticeRunnerClass" name="firefox" time="0.0">
    <ignored/>
  </testcase> <!-- firefox -->
</testsuite> <!-- Default test -->
