<?xml version="1.0" encoding="UTF-8"?>
<!-- Generated by org.testng.reporters.JUnitXMLReporter -->
<testsuite ignored="1" hostname="DESKTOP-MIJPO7G" failures="0" tests="2" name="Test" time="16.693" errors="0" timestamp="2026-01-05T07:11:29 GMT-08:00">
  <testcase classname="com.runner.PracticeRunnerClass" name="edge" time="15.52"/>
  <testcase classname="com.runner.PracticeRunnerClass" name="chrome" time="16.547"/>
  <testcase classname="com.runner.PracticeRunnerClass" name="firefox" time="0.0">
    <ignored/>
  </testcase> <!-- firefox -->
</testsuite> <!-- Test -->
