<?xml version="1.0" encoding="UTF-8"?>
<!-- Generated by org.testng.reporters.JUnitReportReporter -->
<testsuite hostname="DESKTOP-MIJPO7G" failures="0" tests="3" name="com.runner.PracticeRunnerClass" time="32.067" errors="0" timestamp="2026-01-05T07:11:30 GMT-08:00" skipped="1">
  <testcase classname="com.runner.PracticeRunnerClass" name="chrome" time="16.547"/>
  <testcase classname="com.runner.PracticeRunnerClass" name="edge" time="15.520"/>
  <testcase classname="com.runner.PracticeRunnerClass" name="firefox">
    <skipped/>
  </testcase> <!-- firefox -->
</testsuite> <!-- com.runner.PracticeRunnerClass -->
